生成启动时间为 2015/5/15 10:48:34。
     1>项目“C:\Users\Administrator\Desktop\Student management system\Student management system\Student management system.vcxproj”在节点 2 上(Build 个目标)。
     1>ClCompile:
         C:\Program Files (x86)\Microsoft Visual Studio 12.0\VC\bin\CL.exe /c /ZI /nologo /W3 /WX- /sdl /Od /Oy- /D WIN32 /D _DEBUG /D _CONSOLE /D _LIB /D _UNICODE /D UNICODE /Gm /EHsc /RTC1 /MDd /GS /fp:precise /Zc:wchar_t /Zc:forScope /Fo"Debug\\" /Fd"Debug\vc120.pdb" /Gd /TC /analyze- /errorReport:prompt file_entering.c
         file_entering.c
     1>c:\users\administrator\desktop\student management system\student management system\file_entering.c(158): warning C4047: “函数”:“FILE **”与“FILE *”的间接级别不同
     1>c:\users\administrator\desktop\student management system\student management system\file_entering.c(158): warning C4024: “fopen_s”: 形参和实参 1 的类型不同
     1>c:\users\administrator\desktop\student management system\student management system\file_entering.c(158): warning C4047: “=”:“FILE *”与“errno_t”的间接级别不同
     1>c:\users\administrator\desktop\student management system\student management system\file_entering.c(177): warning C4013: “getch”未定义；假设外部返回 int
     1>c:\users\administrator\desktop\student management system\student management system\file_entering.c(217): warning C4133: “=”: 从“List *”到“List *”的类型不兼容
     1>c:\users\administrator\desktop\student management system\student management system\file_entering.c(288): warning C4047: “函数”:“FILE **”与“FILE *”的间接级别不同
     1>c:\users\administrator\desktop\student management system\student management system\file_entering.c(288): warning C4024: “fopen_s”: 形参和实参 1 的类型不同
     1>c:\users\administrator\desktop\student management system\student management system\file_entering.c(288): warning C4047: “=”:“FILE *”与“errno_t”的间接级别不同
     1>c:\users\administrator\desktop\student management system\student management system\file_entering.c(340): warning C4133: “=”: 从“List *”到“List *”的类型不兼容
       Link:
         C:\Program Files (x86)\Microsoft Visual Studio 12.0\VC\bin\link.exe /ERRORREPORT:PROMPT /OUT:"C:\Users\Administrator\Desktop\Student management system\Debug\Student management system.exe" /INCREMENTAL /NOLOGO kernel32.lib user32.lib gdi32.lib winspool.lib comdlg32.lib advapi32.lib shell32.lib ole32.lib oleaut32.lib uuid.lib odbc32.lib odbccp32.lib /MANIFEST /MANIFESTUAC:"level='asInvoker' uiAccess='false'" /manifest:embed /DEBUG /PDB:"C:\Users\Administrator\Desktop\Student management system\Debug\Student management system.pdb" /SUBSYSTEM:CONSOLE /TLBID:1 /DYNAMICBASE /NXCOMPAT /IMPLIB:"C:\Users\Administrator\Desktop\Student management system\Debug\Student management system.lib" /MACHINE:X86 Debug\according.obj
         Debug\dity.obj
         Debug\entry.obj
         Debug\expurgate.obj
         Debug\file_entering.obj
         Debug\file_saving.obj
         Debug\language.obj
         Debug\main.obj
         Debug\main_menu.obj
         Debug\modify.obj
         Debug\search.obj
         Debug\sequencing.obj
         Student management system.vcxproj -> C:\Users\Administrator\Desktop\Student management system\Debug\Student management system.exe
     1>已完成生成项目“C:\Users\Administrator\Desktop\Student management system\Student management system\Student management system.vcxproj”(Build 个目标)的操作。

生成成功。

已用时间 00:00:01.37
